<?xml version="1.0" encoding="UTF-8"?>
<testsuite name="com.iview.datastructure.list.problems.LinkedListProblemsTest" tests="1" skipped="0" failures="0" errors="0" timestamp="2019-06-05T12:48:53" hostname="maheshs-desktop" time="0.013">
  <properties/>
  <testcase name="splitListBasedOnPivotTest" classname="com.iview.datastructure.list.problems.LinkedListProblemsTest" time="0.013"/>
  <system-out><![CDATA[List before rearranging: {10, 55, 12, 14, 10, 55, 14, 13, 11}
List after deletion of node: {10, 12, 14, 10, 14, 13, 11, 55, 55}
]]></system-out>
  <system-err><![CDATA[]]></system-err>
</testsuite>
